<?xml version="1.0" encoding="UTF-8"?>
<testsuite name="com.invoicegeneratortest.InvoiceGeneratorTest" tests="1" skipped="0" failures="0" errors="0" timestamp="2020-07-10T17:01:38" hostname="HOME" time="0.017">
  <properties/>
  <testcase name="givenUserIdAndRides_ShouldReturnInvoiceSummary" classname="com.invoicegeneratortest.InvoiceGeneratorTest" time="0.017"/>
  <system-out><![CDATA[]]></system-out>
  <system-err><![CDATA[]]></system-err>
</testsuite>
