<?xml version="1.0" encoding="UTF-8"?>
<testsuite name="com.invoicegeneratortest.InvoiceGeneratorTest" tests="1" skipped="0" failures="0" errors="0" timestamp="2020-07-10T12:55:06" hostname="HOME" time="0.011">
  <properties/>
  <testcase name="givenMultipleRide_ShouldReturnTotalFare" classname="com.invoicegeneratortest.InvoiceGeneratorTest" time="0.011"/>
  <system-out><![CDATA[]]></system-out>
  <system-err><![CDATA[]]></system-err>
</testsuite>
