<?xml version="1.0" encoding="UTF-8"?>
<testsuite name="com.invoicegeneratortest.InvoiceGeneratorTest" tests="1" skipped="0" failures="0" errors="0" timestamp="2020-07-10T18:10:51" hostname="LAPTOP-GT6OG951" time="0.003">
  <properties/>
  <testcase name="givenPremiumUserIdAndRides_ShouldReturnInvoiceSummary" classname="com.invoicegeneratortest.InvoiceGeneratorTest" time="0.003"/>
  <system-out><![CDATA[]]></system-out>
  <system-err><![CDATA[]]></system-err>
</testsuite>
