<?xml version="1.0" encoding="UTF-8"?>
<testsuite name="com.invoicegeneratortest.InvoiceGeneratorTest" tests="8" skipped="0" failures="0" errors="0" timestamp="2020-07-11T04:29:13" hostname="LAPTOP-GT6OG951" time="0.011">
  <properties/>
  <testcase name="givenUserIdAndRides_ShouldReturnInvoiceSummary" classname="com.invoicegeneratortest.InvoiceGeneratorTest" time="0.005"/>
  <testcase name="givenMultipleRide_ShouldReturnInvoiceSummary" classname="com.invoicegeneratortest.InvoiceGeneratorTest" time="0.001"/>
  <testcase name="givenPremiumUserId_GenerateTotalFare_ShouldReturnInvoiceSummery" classname="com.invoicegeneratortest.InvoiceGeneratorTest" time="0.0"/>
  <testcase name="givenPremiumMultipleRide_ShouldReturnInvoiceSummary" classname="com.invoicegeneratortest.InvoiceGeneratorTest" time="0.001"/>
  <testcase name="givenPremiumLessDistanceOrTime_ShouldReturnMinFare" classname="com.invoicegeneratortest.InvoiceGeneratorTest" time="0.0"/>
  <testcase name="givenPremiumUserIdAndRides_ShouldReturnInvoiceSummary" classname="com.invoicegeneratortest.InvoiceGeneratorTest" time="0.0"/>
  <testcase name="givenDistanceAndTime_ShouldReturnTotalFare" classname="com.invoicegeneratortest.InvoiceGeneratorTest" time="0.0"/>
  <testcase name="givenLessDistanceOrTime_ShouldReturnMinFare" classname="com.invoicegeneratortest.InvoiceGeneratorTest" time="0.0"/>
  <system-out><![CDATA[]]></system-out>
  <system-err><![CDATA[]]></system-err>
</testsuite>
